[ 2019-06-26T09:41:25+08:00 ] ::1 /SGISP/index.php?m=Home&c=Trainjson&a=dis
INFO: [ app_init ] --START--
INFO: Run Behavior\BuildLiteBehavior [ RunTime:0.000011s ]
INFO: [ app_init ] --END-- [ RunTime:0.000768s ]

[ 2019-06-26T09:41:58+08:00 ] ::1 /SGISP/index.php/Trainjson/dis
INFO: [ app_init ] --START--
INFO: Run Behavior\BuildLiteBehavior [ RunTime:0.000011s ]
INFO: [ app_init ] --END-- [ RunTime:0.000421s ]

[ 2019-06-26T09:42:56+08:00 ] ::1 /SGISP/index.php
INFO: [ app_init ] --START--
INFO: Run Behavior\BuildLiteBehavior [ RunTime:0.000010s ]
INFO: [ app_init ] --END-- [ RunTime:0.000418s ]

[ 2019-06-26T09:43:02+08:00 ] ::1 /SGISP/index.php/Trainjson/dis
INFO: [ app_init ] --START--
INFO: Run Behavior\BuildLiteBehavior [ RunTime:0.000010s ]
INFO: [ app_init ] --END-- [ RunTime:0.000406s ]

[ 2019-06-26T09:44:11+08:00 ] 192.168.30.83 /SGISP/index.php/Index/oalogin
INFO: [ app_init ] --START--
INFO: Run Behavior\BuildLiteBehavior [ RunTime:0.000012s ]
INFO: [ app_init ] --END-- [ RunTime:0.000544s ]

[ 2019-06-26T09:44:11+08:00 ] 192.168.30.83 /SGISP/index.php/Main/index.html
INFO: [ app_init ] --START--
INFO: Run Behavior\BuildLiteBehavior [ RunTime:0.000011s ]
INFO: [ app_init ] --END-- [ RunTime:0.000445s ]

[ 2019-06-26T09:44:16+08:00 ] 192.168.30.83 /SGISP/index.php/Index/oalogin
INFO: [ app_init ] --START--
INFO: Run Behavior\BuildLiteBehavior [ RunTime:0.000011s ]
INFO: [ app_init ] --END-- [ RunTime:0.000452s ]

[ 2019-06-26T09:44:16+08:00 ] 192.168.30.83 /SGISP/index.php/Main/index.html
INFO: [ app_init ] --START--
INFO: Run Behavior\BuildLiteBehavior [ RunTime:0.000012s ]
INFO: [ app_init ] --END-- [ RunTime:0.000461s ]

[ 2019-06-26T09:44:18+08:00 ] 192.168.30.83 /SGISP/index.php/Ormodule/index/id/15.html
INFO: [ app_init ] --START--
INFO: Run Behavior\BuildLiteBehavior [ RunTime:0.000020s ]
INFO: [ app_init ] --END-- [ RunTime:0.000600s ]

[ 2019-06-26T09:44:19+08:00 ] 192.168.30.83 /SGISP/index.php/Workplan/index.html
INFO: [ app_init ] --START--
INFO: Run Behavior\BuildLiteBehavior [ RunTime:0.000029s ]
INFO: [ app_init ] --END-- [ RunTime:0.000448s ]

[ 2019-06-26T09:46:53+08:00 ] ::1 /SGISP/index.php/Trainjson/dis
INFO: [ app_init ] --START--
INFO: Run Behavior\BuildLiteBehavior [ RunTime:0.000014s ]
INFO: [ app_init ] --END-- [ RunTime:0.000481s ]

[ 2019-06-26T10:34:53+08:00 ] 192.168.30.83 /SGISP/index.php/Tranjson/dis
INFO: [ app_init ] --START--
INFO: Run Behavior\BuildLiteBehavior [ RunTime:0.000015s ]
INFO: [ app_init ] --END-- [ RunTime:0.000559s ]
ERR: 无法加载控制器:Tranjson

[ 2019-06-26T10:36:43+08:00 ] ::1 /SGISP/index.php/Trainjson/dis
INFO: [ app_init ] --START--
INFO: Run Behavior\BuildLiteBehavior [ RunTime:0.000013s ]
INFO: [ app_init ] --END-- [ RunTime:0.000394s ]

[ 2019-06-26T10:36:47+08:00 ] ::1 /SGISP/index.php/Trainjson/dis
INFO: [ app_init ] --START--
INFO: Run Behavior\BuildLiteBehavior [ RunTime:0.000010s ]
INFO: [ app_init ] --END-- [ RunTime:0.000318s ]

[ 2019-06-26T10:36:52+08:00 ] ::1 /SGISP/index.php/Trainjson/dis
INFO: [ app_init ] --START--
INFO: Run Behavior\BuildLiteBehavior [ RunTime:0.000013s ]
INFO: [ app_init ] --END-- [ RunTime:0.000392s ]

[ 2019-06-26T10:37:38+08:00 ] ::1 /SGISP/index.php/Trainjson/dis
INFO: [ app_init ] --START--
INFO: Run Behavior\BuildLiteBehavior [ RunTime:0.000014s ]
INFO: [ app_init ] --END-- [ RunTime:0.010158s ]

[ 2019-06-26T10:37:46+08:00 ] ::1 /SGISP/index.php/Trainjson/dis
INFO: [ app_init ] --START--
INFO: Run Behavior\BuildLiteBehavior [ RunTime:0.000032s ]
INFO: [ app_init ] --END-- [ RunTime:0.001203s ]

[ 2019-06-26T10:42:22+08:00 ] 192.168.30.83 /SGISP/index.php/Tranjson/dis
INFO: [ app_init ] --START--
INFO: Run Behavior\BuildLiteBehavior [ RunTime:0.000030s ]
INFO: [ app_init ] --END-- [ RunTime:0.010530s ]
ERR: 无法加载控制器:Tranjson

[ 2019-06-26T10:44:09+08:00 ] 192.168.30.83 /SGISP/index.php/Trainjson/dis
INFO: [ app_init ] --START--
INFO: Run Behavior\BuildLiteBehavior [ RunTime:0.000015s ]
INFO: [ app_init ] --END-- [ RunTime:0.000457s ]

[ 2019-06-26T10:48:24+08:00 ] 192.168.30.83 /SGISP/index.php/Tranjson/dis
INFO: [ app_init ] --START--
INFO: Run Behavior\BuildLiteBehavior [ RunTime:0.000044s ]
INFO: [ app_init ] --END-- [ RunTime:0.005083s ]
ERR: 无法加载控制器:Tranjson

[ 2019-06-26T10:53:14+08:00 ] 192.168.30.83 /SGISP/index.php/Trainjson/dis
INFO: [ app_init ] --START--
INFO: Run Behavior\BuildLiteBehavior [ RunTime:0.000013s ]
INFO: [ app_init ] --END-- [ RunTime:0.000376s ]

[ 2019-06-26T10:54:18+08:00 ] 192.168.30.83 /SGISP/index.php/Trainjson/dis
INFO: [ app_init ] --START--
INFO: Run Behavior\BuildLiteBehavior [ RunTime:0.000013s ]
INFO: [ app_init ] --END-- [ RunTime:0.000393s ]

[ 2019-06-26T11:05:41+08:00 ] 192.168.30.83 /SGISP/index.php/Tranjson/dis
INFO: [ app_init ] --START--
INFO: Run Behavior\BuildLiteBehavior [ RunTime:0.000017s ]
INFO: [ app_init ] --END-- [ RunTime:0.000444s ]
ERR: 无法加载控制器:Tranjson

[ 2019-06-26T11:09:00+08:00 ] 192.168.30.83 /SGISP/index.php/Tranjson/dis
INFO: [ app_init ] --START--
INFO: Run Behavior\BuildLiteBehavior [ RunTime:0.000012s ]
INFO: [ app_init ] --END-- [ RunTime:0.000482s ]
ERR: 无法加载控制器:Tranjson

[ 2019-06-26T11:10:50+08:00 ] 192.168.30.83 /SGISP/index.php/Trainjson/dis
INFO: [ app_init ] --START--
INFO: Run Behavior\BuildLiteBehavior [ RunTime:0.000016s ]
INFO: [ app_init ] --END-- [ RunTime:0.001492s ]

[ 2019-06-26T11:16:04+08:00 ] 192.168.30.83 /SGISP/index.php/Trainjson/dis
INFO: [ app_init ] --START--
INFO: Run Behavior\BuildLiteBehavior [ RunTime:0.000015s ]
INFO: [ app_init ] --END-- [ RunTime:0.000483s ]

[ 2019-06-26T11:16:13+08:00 ] 192.168.30.83 /SGISP/index.php/Trainjson/dis
INFO: [ app_init ] --START--
INFO: Run Behavior\BuildLiteBehavior [ RunTime:0.000010s ]
INFO: [ app_init ] --END-- [ RunTime:0.000393s ]

[ 2019-06-26T11:36:38+08:00 ] 192.168.30.83 /SGISP/index.php/Trainjson/edit?id=1
INFO: [ app_init ] --START--
INFO: Run Behavior\BuildLiteBehavior [ RunTime:0.000012s ]
INFO: [ app_init ] --END-- [ RunTime:0.000413s ]

[ 2019-06-26T11:42:53+08:00 ] 192.168.30.83 /SGISP/index.php/Trainjson/dis
INFO: [ app_init ] --START--
INFO: Run Behavior\BuildLiteBehavior [ RunTime:0.000015s ]
INFO: [ app_init ] --END-- [ RunTime:0.000522s ]

[ 2019-06-26T11:42:57+08:00 ] 192.168.30.83 /SGISP/index.php/Trainjson/edit?id=1
INFO: [ app_init ] --START--
INFO: Run Behavior\BuildLiteBehavior [ RunTime:0.000013s ]
INFO: [ app_init ] --END-- [ RunTime:0.000934s ]

[ 2019-06-26T11:45:47+08:00 ] 192.168.30.83 /SGISP/index.php/Trainjson/dis
INFO: [ app_init ] --START--
INFO: Run Behavior\BuildLiteBehavior [ RunTime:0.000012s ]
INFO: [ app_init ] --END-- [ RunTime:0.000539s ]

[ 2019-06-26T11:45:51+08:00 ] 192.168.30.83 /SGISP/index.php/Trainjson/edit?id=4
INFO: [ app_init ] --START--
INFO: Run Behavior\BuildLiteBehavior [ RunTime:0.000014s ]
INFO: [ app_init ] --END-- [ RunTime:0.000794s ]

[ 2019-06-26T11:46:36+08:00 ] 192.168.30.83 /SGISP/index.php/Trainjson/dis
INFO: [ app_init ] --START--
INFO: Run Behavior\BuildLiteBehavior [ RunTime:0.000012s ]
INFO: [ app_init ] --END-- [ RunTime:0.000505s ]

[ 2019-06-26T11:46:41+08:00 ] 192.168.30.83 /SGISP/index.php/Trainjson/edit?id=1
INFO: [ app_init ] --START--
INFO: Run Behavior\BuildLiteBehavior [ RunTime:0.000016s ]
INFO: [ app_init ] --END-- [ RunTime:0.001120s ]

[ 2019-06-26T11:46:55+08:00 ] 192.168.30.83 /SGISP/index.php/Trainjson/edit?id=2
INFO: [ app_init ] --START--
INFO: Run Behavior\BuildLiteBehavior [ RunTime:0.000012s ]
INFO: [ app_init ] --END-- [ RunTime:0.000425s ]

[ 2019-06-26T11:50:10+08:00 ] 192.168.30.83 /SGISP/index.php/Trainjson/dis
INFO: [ app_init ] --START--
INFO: Run Behavior\BuildLiteBehavior [ RunTime:0.000013s ]
INFO: [ app_init ] --END-- [ RunTime:0.000534s ]

[ 2019-06-26T11:50:13+08:00 ] 192.168.30.83 /SGISP/index.php/Trainjson/edit?id=1
INFO: [ app_init ] --START--
INFO: Run Behavior\BuildLiteBehavior [ RunTime:0.000013s ]
INFO: [ app_init ] --END-- [ RunTime:0.000431s ]

[ 2019-06-26T13:33:41+08:00 ] 192.168.30.83 /SGISP/index.php/Trainjson/dis
INFO: [ app_init ] --START--
INFO: Run Behavior\BuildLiteBehavior [ RunTime:0.000033s ]
INFO: [ app_init ] --END-- [ RunTime:0.009722s ]

[ 2019-06-26T13:33:47+08:00 ] 192.168.30.83 /SGISP/index.php/Trainjson/edit?id=21
INFO: [ app_init ] --START--
INFO: Run Behavior\BuildLiteBehavior [ RunTime:0.000010s ]
INFO: [ app_init ] --END-- [ RunTime:0.000419s ]

[ 2019-06-26T13:34:05+08:00 ] 192.168.30.83 /SGISP/index.php/Trainjson/edit?id=1
INFO: [ app_init ] --START--
INFO: Run Behavior\BuildLiteBehavior [ RunTime:0.000012s ]
INFO: [ app_init ] --END-- [ RunTime:0.000348s ]

[ 2019-06-26T13:34:12+08:00 ] 192.168.30.83 /SGISP/index.php/Trainjson/edit
INFO: [ app_init ] --START--
INFO: Run Behavior\BuildLiteBehavior [ RunTime:0.000010s ]
INFO: [ app_init ] --END-- [ RunTime:0.000372s ]

[ 2019-06-26T13:34:19+08:00 ] 192.168.30.83 /SGISP/index.php/Trainjson/dis
INFO: [ app_init ] --START--
INFO: Run Behavior\BuildLiteBehavior [ RunTime:0.000014s ]
INFO: [ app_init ] --END-- [ RunTime:0.000362s ]

[ 2019-06-26T13:34:23+08:00 ] 192.168.30.83 /SGISP/index.php/Trainjson/edit?id=1
INFO: [ app_init ] --START--
INFO: Run Behavior\BuildLiteBehavior [ RunTime:0.000012s ]
INFO: [ app_init ] --END-- [ RunTime:0.000516s ]

[ 2019-06-26T13:35:25+08:00 ] 192.168.30.83 /SGISP/index.php/Trainjson/edit?id=2
INFO: [ app_init ] --START--
INFO: Run Behavior\BuildLiteBehavior [ RunTime:0.000012s ]
INFO: [ app_init ] --END-- [ RunTime:0.000414s ]

[ 2019-06-26T13:35:30+08:00 ] 192.168.30.83 /SGISP/index.php/Trainjson/edit?id=1
INFO: [ app_init ] --START--
INFO: Run Behavior\BuildLiteBehavior [ RunTime:0.000020s ]
INFO: [ app_init ] --END-- [ RunTime:0.001366s ]

[ 2019-06-26T13:35:37+08:00 ] 192.168.30.83 /SGISP/index.php/Trainjson/edit
INFO: [ app_init ] --START--
INFO: Run Behavior\BuildLiteBehavior [ RunTime:0.000010s ]
INFO: [ app_init ] --END-- [ RunTime:0.000317s ]

[ 2019-06-26T13:35:41+08:00 ] 192.168.30.83 /SGISP/index.php/Trainjson/dis
INFO: [ app_init ] --START--
INFO: Run Behavior\BuildLiteBehavior [ RunTime:0.000012s ]
INFO: [ app_init ] --END-- [ RunTime:0.000510s ]

[ 2019-06-26T13:35:45+08:00 ] 192.168.30.83 /SGISP/index.php/Trainjson/edit?id=1
INFO: [ app_init ] --START--
INFO: Run Behavior\BuildLiteBehavior [ RunTime:0.000071s ]
INFO: [ app_init ] --END-- [ RunTime:0.002850s ]

[ 2019-06-26T13:35:52+08:00 ] 192.168.30.83 /SGISP/index.php/Trainjson/edit?id=2
INFO: [ app_init ] --START--
INFO: Run Behavior\BuildLiteBehavior [ RunTime:0.000011s ]
INFO: [ app_init ] --END-- [ RunTime:0.000326s ]

[ 2019-06-26T13:35:57+08:00 ] 192.168.30.83 /SGISP/index.php/Trainjson/edit?id=1
INFO: [ app_init ] --START--
INFO: Run Behavior\BuildLiteBehavior [ RunTime:0.000042s ]
INFO: [ app_init ] --END-- [ RunTime:0.001257s ]

[ 2019-06-26T13:39:12+08:00 ] 192.168.30.83 /SGISP/index.php/Trainjson/edit
INFO: [ app_init ] --START--
INFO: Run Behavior\BuildLiteBehavior [ RunTime:0.000012s ]
INFO: [ app_init ] --END-- [ RunTime:0.000472s ]

[ 2019-06-26T13:39:17+08:00 ] 192.168.30.83 /SGISP/index.php/Trainjson/dis
INFO: [ app_init ] --START--
INFO: Run Behavior\BuildLiteBehavior [ RunTime:0.000039s ]
INFO: [ app_init ] --END-- [ RunTime:0.000946s ]

[ 2019-06-26T13:39:20+08:00 ] 192.168.30.83 /SGISP/index.php/Trainjson/edit?id=1
INFO: [ app_init ] --START--
INFO: Run Behavior\BuildLiteBehavior [ RunTime:0.000014s ]
INFO: [ app_init ] --END-- [ RunTime:0.000473s ]

[ 2019-06-26T13:43:31+08:00 ] 192.168.30.83 /SGISP/index.php/Trainjson/dis
INFO: [ app_init ] --START--
INFO: Run Behavior\BuildLiteBehavior [ RunTime:0.000013s ]
INFO: [ app_init ] --END-- [ RunTime:0.000415s ]

[ 2019-06-26T13:43:35+08:00 ] 192.168.30.83 /SGISP/index.php/Trainjson/edit?id=1
INFO: [ app_init ] --START--
INFO: Run Behavior\BuildLiteBehavior [ RunTime:0.000013s ]
INFO: [ app_init ] --END-- [ RunTime:0.000716s ]

[ 2019-06-26T13:44:03+08:00 ] 192.168.30.83 /SGISP/index.php/Trainjson/edit
INFO: [ app_init ] --START--
INFO: Run Behavior\BuildLiteBehavior [ RunTime:0.000010s ]
INFO: [ app_init ] --END-- [ RunTime:0.000405s ]

[ 2019-06-26T13:44:15+08:00 ] 192.168.30.83 /SGISP/index.php/Trainjson/dis
INFO: [ app_init ] --START--
INFO: Run Behavior\BuildLiteBehavior [ RunTime:0.000013s ]
INFO: [ app_init ] --END-- [ RunTime:0.000464s ]

[ 2019-06-26T13:44:19+08:00 ] 192.168.30.83 /SGISP/index.php/Trainjson/edit?id=1
INFO: [ app_init ] --START--
INFO: Run Behavior\BuildLiteBehavior [ RunTime:0.000010s ]
INFO: [ app_init ] --END-- [ RunTime:0.000419s ]

[ 2019-06-26T13:44:48+08:00 ] 192.168.30.83 /SGISP/index.php/Trainjson/edit
INFO: [ app_init ] --START--
INFO: Run Behavior\BuildLiteBehavior [ RunTime:0.000011s ]
INFO: [ app_init ] --END-- [ RunTime:0.000395s ]

[ 2019-06-26T13:45:04+08:00 ] 192.168.30.83 /SGISP/index.php/Trainjson/edit?id=1
INFO: [ app_init ] --START--
INFO: Run Behavior\BuildLiteBehavior [ RunTime:0.000012s ]
INFO: [ app_init ] --END-- [ RunTime:0.000577s ]

[ 2019-06-26T13:46:25+08:00 ] 192.168.30.83 /SGISP/index.php/Trainjson/dis
INFO: [ app_init ] --START--
INFO: Run Behavior\BuildLiteBehavior [ RunTime:0.000012s ]
INFO: [ app_init ] --END-- [ RunTime:0.000385s ]

[ 2019-06-26T13:47:32+08:00 ] 192.168.30.83 /SGISP/index.php/Trainjson/dis
INFO: [ app_init ] --START--
INFO: Run Behavior\BuildLiteBehavior [ RunTime:0.000011s ]
INFO: [ app_init ] --END-- [ RunTime:0.000440s ]

[ 2019-06-26T13:47:34+08:00 ] 192.168.30.83 /SGISP/index.php/Trainjson/edit?id=1
INFO: [ app_init ] --START--
INFO: Run Behavior\BuildLiteBehavior [ RunTime:0.000037s ]
INFO: [ app_init ] --END-- [ RunTime:0.000668s ]

[ 2019-06-26T13:47:49+08:00 ] 192.168.30.83 /SGISP/index.php/Trainjson/edit
INFO: [ app_init ] --START--
INFO: Run Behavior\BuildLiteBehavior [ RunTime:0.000011s ]
INFO: [ app_init ] --END-- [ RunTime:0.000391s ]

[ 2019-06-26T13:47:53+08:00 ] 192.168.30.83 /SGISP/index.php/Trainjson/dis
INFO: [ app_init ] --START--
INFO: Run Behavior\BuildLiteBehavior [ RunTime:0.000013s ]
INFO: [ app_init ] --END-- [ RunTime:0.000709s ]

[ 2019-06-26T13:47:56+08:00 ] 192.168.30.83 /SGISP/index.php/Trainjson/edit?id=1
INFO: [ app_init ] --START--
INFO: Run Behavior\BuildLiteBehavior [ RunTime:0.000012s ]
INFO: [ app_init ] --END-- [ RunTime:0.000444s ]

[ 2019-06-26T13:48:13+08:00 ] 192.168.30.83 /SGISP/index.php/Trainjson/edit
INFO: [ app_init ] --START--
INFO: Run Behavior\BuildLiteBehavior [ RunTime:0.000013s ]
INFO: [ app_init ] --END-- [ RunTime:0.000390s ]

[ 2019-06-26T13:48:48+08:00 ] ::1 /SGISP/index.php/Trainjson/dis
INFO: [ app_init ] --START--
INFO: Run Behavior\BuildLiteBehavior [ RunTime:0.000011s ]
INFO: [ app_init ] --END-- [ RunTime:0.000364s ]

[ 2019-06-26T13:48:58+08:00 ] 192.168.30.83 /SGISP/index.php/Trainjson/dis
INFO: [ app_init ] --START--
INFO: Run Behavior\BuildLiteBehavior [ RunTime:0.000011s ]
INFO: [ app_init ] --END-- [ RunTime:0.000414s ]

[ 2019-06-26T13:49:04+08:00 ] 192.168.30.83 /SGISP/index.php/Trainjson/edit?id=1
INFO: [ app_init ] --START--
INFO: Run Behavior\BuildLiteBehavior [ RunTime:0.000028s ]
INFO: [ app_init ] --END-- [ RunTime:0.001202s ]

[ 2019-06-26T13:50:52+08:00 ] ::1 /SGISP/index.php/Trainjson/edit
INFO: [ app_init ] --START--
INFO: Run Behavior\BuildLiteBehavior [ RunTime:0.000012s ]
INFO: [ app_init ] --END-- [ RunTime:0.000435s ]

[ 2019-06-26T13:51:03+08:00 ] ::1 /SGISP/index.php/Trainjson/edit
INFO: [ app_init ] --START--
INFO: Run Behavior\BuildLiteBehavior [ RunTime:0.000013s ]
INFO: [ app_init ] --END-- [ RunTime:0.000498s ]

[ 2019-06-26T13:51:10+08:00 ] ::1 /SGISP/index.php/Trainjson/edit?id=1
INFO: [ app_init ] --START--
INFO: Run Behavior\BuildLiteBehavior [ RunTime:0.000014s ]
INFO: [ app_init ] --END-- [ RunTime:0.000444s ]

[ 2019-06-26T13:51:21+08:00 ] 192.168.30.83 /SGISP/index.php/Trainjson/dis
INFO: [ app_init ] --START--
INFO: Run Behavior\BuildLiteBehavior [ RunTime:0.000026s ]
INFO: [ app_init ] --END-- [ RunTime:0.001028s ]

[ 2019-06-26T14:29:51+08:00 ] 192.168.30.83 /SGISP/index.php/Trainjson/dis
INFO: [ app_init ] --START--
INFO: Run Behavior\BuildLiteBehavior [ RunTime:0.000012s ]
INFO: [ app_init ] --END-- [ RunTime:0.000366s ]

[ 2019-06-26T14:30:05+08:00 ] 192.168.30.83 /SGISP/index.php/Trainjson/add
INFO: [ app_init ] --START--
INFO: Run Behavior\BuildLiteBehavior [ RunTime:0.000022s ]
INFO: [ app_init ] --END-- [ RunTime:0.000407s ]
ERR: 1054:Unknown column 'content' in 'where clause'
 [ SQL语句 ] : SELECT * FROM `lc_tlibrary` WHERE ( content='' ) LIMIT 1  

[ 2019-06-26T14:30:06+08:00 ] 192.168.30.83 /SGISP/index.php/Trainjson/add
INFO: [ app_init ] --START--
INFO: Run Behavior\BuildLiteBehavior [ RunTime:0.000013s ]
INFO: [ app_init ] --END-- [ RunTime:0.000407s ]
ERR: 1054:Unknown column 'content' in 'where clause'
 [ SQL语句 ] : SELECT * FROM `lc_tlibrary` WHERE ( content='' ) LIMIT 1  

[ 2019-06-26T14:30:07+08:00 ] 192.168.30.83 /SGISP/index.php/Trainjson/add
INFO: [ app_init ] --START--
INFO: Run Behavior\BuildLiteBehavior [ RunTime:0.000010s ]
INFO: [ app_init ] --END-- [ RunTime:0.000356s ]
ERR: 1054:Unknown column 'content' in 'where clause'
 [ SQL语句 ] : SELECT * FROM `lc_tlibrary` WHERE ( content='' ) LIMIT 1  

[ 2019-06-26T14:30:07+08:00 ] 192.168.30.83 /SGISP/index.php/Trainjson/add
INFO: [ app_init ] --START--
INFO: Run Behavior\BuildLiteBehavior [ RunTime:0.000010s ]
INFO: [ app_init ] --END-- [ RunTime:0.000327s ]
ERR: 1054:Unknown column 'content' in 'where clause'
 [ SQL语句 ] : SELECT * FROM `lc_tlibrary` WHERE ( content='' ) LIMIT 1  

[ 2019-06-26T14:30:07+08:00 ] 192.168.30.83 /SGISP/index.php/Trainjson/add
INFO: [ app_init ] --START--
INFO: Run Behavior\BuildLiteBehavior [ RunTime:0.000011s ]
INFO: [ app_init ] --END-- [ RunTime:0.000334s ]
ERR: 1054:Unknown column 'content' in 'where clause'
 [ SQL语句 ] : SELECT * FROM `lc_tlibrary` WHERE ( content='' ) LIMIT 1  

[ 2019-06-26T14:30:07+08:00 ] 192.168.30.83 /SGISP/index.php/Trainjson/add
INFO: [ app_init ] --START--
INFO: Run Behavior\BuildLiteBehavior [ RunTime:0.000022s ]
INFO: [ app_init ] --END-- [ RunTime:0.000726s ]
ERR: 1054:Unknown column 'content' in 'where clause'
 [ SQL语句 ] : SELECT * FROM `lc_tlibrary` WHERE ( content='' ) LIMIT 1  

[ 2019-06-26T14:30:07+08:00 ] 192.168.30.83 /SGISP/index.php/Trainjson/add
INFO: [ app_init ] --START--
INFO: Run Behavior\BuildLiteBehavior [ RunTime:0.000018s ]
INFO: [ app_init ] --END-- [ RunTime:0.000809s ]
ERR: 1054:Unknown column 'content' in 'where clause'
 [ SQL语句 ] : SELECT * FROM `lc_tlibrary` WHERE ( content='' ) LIMIT 1  

[ 2019-06-26T14:30:07+08:00 ] 192.168.30.83 /SGISP/index.php/Trainjson/add
INFO: [ app_init ] --START--
INFO: Run Behavior\BuildLiteBehavior [ RunTime:0.000016s ]
INFO: [ app_init ] --END-- [ RunTime:0.000448s ]
ERR: 1054:Unknown column 'content' in 'where clause'
 [ SQL语句 ] : SELECT * FROM `lc_tlibrary` WHERE ( content='' ) LIMIT 1  

[ 2019-06-26T14:30:08+08:00 ] 192.168.30.83 /SGISP/index.php/Trainjson/add
INFO: [ app_init ] --START--
INFO: Run Behavior\BuildLiteBehavior [ RunTime:0.000011s ]
INFO: [ app_init ] --END-- [ RunTime:0.000335s ]
ERR: 1054:Unknown column 'content' in 'where clause'
 [ SQL语句 ] : SELECT * FROM `lc_tlibrary` WHERE ( content='' ) LIMIT 1  

[ 2019-06-26T14:30:08+08:00 ] 192.168.30.83 /SGISP/index.php/Trainjson/add
INFO: [ app_init ] --START--
INFO: Run Behavior\BuildLiteBehavior [ RunTime:0.000011s ]
INFO: [ app_init ] --END-- [ RunTime:0.000320s ]
ERR: 1054:Unknown column 'content' in 'where clause'
 [ SQL语句 ] : SELECT * FROM `lc_tlibrary` WHERE ( content='' ) LIMIT 1  

[ 2019-06-26T14:30:08+08:00 ] 192.168.30.83 /SGISP/index.php/Trainjson/add
INFO: [ app_init ] --START--
INFO: Run Behavior\BuildLiteBehavior [ RunTime:0.000016s ]
INFO: [ app_init ] --END-- [ RunTime:0.000389s ]
ERR: 1054:Unknown column 'content' in 'where clause'
 [ SQL语句 ] : SELECT * FROM `lc_tlibrary` WHERE ( content='' ) LIMIT 1  

[ 2019-06-26T14:30:08+08:00 ] 192.168.30.83 /SGISP/index.php/Trainjson/add
INFO: [ app_init ] --START--
INFO: Run Behavior\BuildLiteBehavior [ RunTime:0.000035s ]
INFO: [ app_init ] --END-- [ RunTime:0.000366s ]
ERR: 1054:Unknown column 'content' in 'where clause'
 [ SQL语句 ] : SELECT * FROM `lc_tlibrary` WHERE ( content='' ) LIMIT 1  

[ 2019-06-26T14:30:08+08:00 ] 192.168.30.83 /SGISP/index.php/Trainjson/add
INFO: [ app_init ] --START--
INFO: Run Behavior\BuildLiteBehavior [ RunTime:0.000016s ]
INFO: [ app_init ] --END-- [ RunTime:0.000500s ]
ERR: 1054:Unknown column 'content' in 'where clause'
 [ SQL语句 ] : SELECT * FROM `lc_tlibrary` WHERE ( content='' ) LIMIT 1  

[ 2019-06-26T14:30:09+08:00 ] 192.168.30.83 /SGISP/index.php/Trainjson/add
INFO: [ app_init ] --START--
INFO: Run Behavior\BuildLiteBehavior [ RunTime:0.000010s ]
INFO: [ app_init ] --END-- [ RunTime:0.000355s ]
ERR: 1054:Unknown column 'content' in 'where clause'
 [ SQL语句 ] : SELECT * FROM `lc_tlibrary` WHERE ( content='' ) LIMIT 1  

[ 2019-06-26T14:30:09+08:00 ] 192.168.30.83 /SGISP/index.php/Trainjson/add
INFO: [ app_init ] --START--
INFO: Run Behavior\BuildLiteBehavior [ RunTime:0.000011s ]
INFO: [ app_init ] --END-- [ RunTime:0.000329s ]
ERR: 1054:Unknown column 'content' in 'where clause'
 [ SQL语句 ] : SELECT * FROM `lc_tlibrary` WHERE ( content='' ) LIMIT 1  

[ 2019-06-26T14:30:09+08:00 ] 192.168.30.83 /SGISP/index.php/Trainjson/add
INFO: [ app_init ] --START--
INFO: Run Behavior\BuildLiteBehavior [ RunTime:0.000010s ]
INFO: [ app_init ] --END-- [ RunTime:0.000405s ]
ERR: 1054:Unknown column 'content' in 'where clause'
 [ SQL语句 ] : SELECT * FROM `lc_tlibrary` WHERE ( content='' ) LIMIT 1  

[ 2019-06-26T14:30:17+08:00 ] 192.168.30.83 /SGISP/index.php/Trainjson/add
INFO: [ app_init ] --START--
INFO: Run Behavior\BuildLiteBehavior [ RunTime:0.000011s ]
INFO: [ app_init ] --END-- [ RunTime:0.000390s ]
ERR: 1054:Unknown column 'content' in 'where clause'
 [ SQL语句 ] : SELECT * FROM `lc_tlibrary` WHERE ( content='' ) LIMIT 1  

[ 2019-06-26T14:30:17+08:00 ] 192.168.30.83 /SGISP/index.php/Trainjson/add
INFO: [ app_init ] --START--
INFO: Run Behavior\BuildLiteBehavior [ RunTime:0.000010s ]
INFO: [ app_init ] --END-- [ RunTime:0.000390s ]
ERR: 1054:Unknown column 'content' in 'where clause'
 [ SQL语句 ] : SELECT * FROM `lc_tlibrary` WHERE ( content='' ) LIMIT 1  

[ 2019-06-26T14:30:17+08:00 ] 192.168.30.83 /SGISP/index.php/Trainjson/add
INFO: [ app_init ] --START--
INFO: Run Behavior\BuildLiteBehavior [ RunTime:0.000011s ]
INFO: [ app_init ] --END-- [ RunTime:0.000333s ]
ERR: 1054:Unknown column 'content' in 'where clause'
 [ SQL语句 ] : SELECT * FROM `lc_tlibrary` WHERE ( content='' ) LIMIT 1  

[ 2019-06-26T14:30:18+08:00 ] 192.168.30.83 /SGISP/index.php/Trainjson/add
INFO: [ app_init ] --START--
INFO: Run Behavior\BuildLiteBehavior [ RunTime:0.000013s ]
INFO: [ app_init ] --END-- [ RunTime:0.000506s ]
ERR: 1054:Unknown column 'content' in 'where clause'
 [ SQL语句 ] : SELECT * FROM `lc_tlibrary` WHERE ( content='' ) LIMIT 1  

[ 2019-06-26T14:30:18+08:00 ] 192.168.30.83 /SGISP/index.php/Trainjson/add
INFO: [ app_init ] --START--
INFO: Run Behavior\BuildLiteBehavior [ RunTime:0.000011s ]
INFO: [ app_init ] --END-- [ RunTime:0.000337s ]
ERR: 1054:Unknown column 'content' in 'where clause'
 [ SQL语句 ] : SELECT * FROM `lc_tlibrary` WHERE ( content='' ) LIMIT 1  

[ 2019-06-26T14:31:32+08:00 ] 192.168.30.83 /SGISP/index.php/Trainjson/dis
INFO: [ app_init ] --START--
INFO: Run Behavior\BuildLiteBehavior [ RunTime:0.000016s ]
INFO: [ app_init ] --END-- [ RunTime:0.000984s ]

[ 2019-06-26T14:32:48+08:00 ] ::1 /SGISP/index.php/Trainjson/add
INFO: [ app_init ] --START--
INFO: Run Behavior\BuildLiteBehavior [ RunTime:0.000012s ]
INFO: [ app_init ] --END-- [ RunTime:0.000495s ]
ERR: 1054:Unknown column 'content' in 'where clause'
 [ SQL语句 ] : SELECT * FROM `lc_tlibrary` WHERE ( content='' ) LIMIT 1  

[ 2019-06-26T14:35:13+08:00 ] ::1 /SGISP/index.php/Trainjson/add
INFO: [ app_init ] --START--
INFO: Run Behavior\BuildLiteBehavior [ RunTime:0.000010s ]
INFO: [ app_init ] --END-- [ RunTime:0.000466s ]

[ 2019-06-26T14:35:50+08:00 ] 192.168.30.83 /SGISP/index.php/Trainjson/add
INFO: [ app_init ] --START--
INFO: Run Behavior\BuildLiteBehavior [ RunTime:0.000013s ]
INFO: [ app_init ] --END-- [ RunTime:0.000537s ]

[ 2019-06-26T14:36:03+08:00 ] 192.168.30.83 /SGISP/index.php/Trainjson/dis
INFO: [ app_init ] --START--
INFO: Run Behavior\BuildLiteBehavior [ RunTime:0.000015s ]
INFO: [ app_init ] --END-- [ RunTime:0.000461s ]

[ 2019-06-26T14:36:14+08:00 ] 192.168.30.83 /SGISP/index.php/Trainjson/edit?id=1
INFO: [ app_init ] --START--
INFO: Run Behavior\BuildLiteBehavior [ RunTime:0.000012s ]
INFO: [ app_init ] --END-- [ RunTime:0.000412s ]

[ 2019-06-26T14:38:06+08:00 ] ::1 /SGISP/index.php/Trainjson/dis
INFO: [ app_init ] --START--
INFO: Run Behavior\BuildLiteBehavior [ RunTime:0.000012s ]
INFO: [ app_init ] --END-- [ RunTime:0.000408s ]

[ 2019-06-26T14:38:07+08:00 ] ::1 /SGISP/index.php/Trainjson/dis
INFO: [ app_init ] --START--
INFO: Run Behavior\BuildLiteBehavior [ RunTime:0.000011s ]
INFO: [ app_init ] --END-- [ RunTime:0.000374s ]

[ 2019-06-26T14:42:51+08:00 ] 192.168.30.83 /SGISP/index.php/Trainjson/dis
INFO: [ app_init ] --START--
INFO: Run Behavior\BuildLiteBehavior [ RunTime:0.000014s ]
INFO: [ app_init ] --END-- [ RunTime:0.000499s ]

[ 2019-06-26T14:42:54+08:00 ] 192.168.30.83 /SGISP/index.php/Trainjson/edit?id=1
INFO: [ app_init ] --START--
INFO: Run Behavior\BuildLiteBehavior [ RunTime:0.000010s ]
INFO: [ app_init ] --END-- [ RunTime:0.000421s ]

[ 2019-06-26T14:43:23+08:00 ] 192.168.30.83 /SGISP/index.php/Trainjson/edit
INFO: [ app_init ] --START--
INFO: Run Behavior\BuildLiteBehavior [ RunTime:0.000015s ]
INFO: [ app_init ] --END-- [ RunTime:0.000572s ]

[ 2019-06-26T14:43:26+08:00 ] 192.168.30.83 /SGISP/index.php/Trainjson/dis
INFO: [ app_init ] --START--
INFO: Run Behavior\BuildLiteBehavior [ RunTime:0.000010s ]
INFO: [ app_init ] --END-- [ RunTime:0.000405s ]

[ 2019-06-26T14:43:33+08:00 ] ::1 /SGISP/index.php/Trainjson/dis
INFO: [ app_init ] --START--
INFO: Run Behavior\BuildLiteBehavior [ RunTime:0.000011s ]
INFO: [ app_init ] --END-- [ RunTime:0.000405s ]

[ 2019-06-26T14:44:01+08:00 ] 192.168.30.83 /SGISP/index.php/Trainjson/add
INFO: [ app_init ] --START--
INFO: Run Behavior\BuildLiteBehavior [ RunTime:0.000011s ]
INFO: [ app_init ] --END-- [ RunTime:0.000570s ]

[ 2019-06-26T14:44:22+08:00 ] 192.168.30.83 /SGISP/index.php/Trainjson/dis
INFO: [ app_init ] --START--
INFO: Run Behavior\BuildLiteBehavior [ RunTime:0.000011s ]
INFO: [ app_init ] --END-- [ RunTime:0.000411s ]

[ 2019-06-26T14:44:45+08:00 ] 192.168.30.83 /SGISP/index.php/Trainjson/del
INFO: [ app_init ] --START--
INFO: Run Behavior\BuildLiteBehavior [ RunTime:0.000009s ]
INFO: [ app_init ] --END-- [ RunTime:0.000394s ]

[ 2019-06-26T14:44:47+08:00 ] 192.168.30.83 /SGISP/index.php/Trainjson/del
INFO: [ app_init ] --START--
INFO: Run Behavior\BuildLiteBehavior [ RunTime:0.000015s ]
INFO: [ app_init ] --END-- [ RunTime:0.000629s ]

[ 2019-06-26T14:44:51+08:00 ] 192.168.30.83 /SGISP/index.php/Trainjson/dis
INFO: [ app_init ] --START--
INFO: Run Behavior\BuildLiteBehavior [ RunTime:0.000011s ]
INFO: [ app_init ] --END-- [ RunTime:0.000395s ]

[ 2019-06-26T14:45:14+08:00 ] 192.168.30.83 /SGISP/index.php/Trainjson/dis
INFO: [ app_init ] --START--
INFO: Run Behavior\BuildLiteBehavior [ RunTime:0.000011s ]
INFO: [ app_init ] --END-- [ RunTime:0.000422s ]

[ 2019-06-26T14:45:20+08:00 ] 192.168.30.83 /SGISP/index.php/Trainjson/dis
INFO: [ app_init ] --START--
INFO: Run Behavior\BuildLiteBehavior [ RunTime:0.000011s ]
INFO: [ app_init ] --END-- [ RunTime:0.000387s ]

[ 2019-06-26T15:27:38+08:00 ] 192.168.30.83 /SGISP/index.php/Trainjson/dis
INFO: [ app_init ] --START--
INFO: Run Behavior\BuildLiteBehavior [ RunTime:0.000023s ]
INFO: [ app_init ] --END-- [ RunTime:0.000549s ]

[ 2019-06-26T15:27:46+08:00 ] 192.168.30.83 /SGISP/index.php/Trainjson/search?keyword=5s
INFO: [ app_init ] --START--
INFO: Run Behavior\BuildLiteBehavior [ RunTime:0.000010s ]
INFO: [ app_init ] --END-- [ RunTime:0.000393s ]

[ 2019-06-26T15:27:49+08:00 ] 192.168.30.83 /SGISP/index.php/Trainjson/edit?id=1
INFO: [ app_init ] --START--
INFO: Run Behavior\BuildLiteBehavior [ RunTime:0.000012s ]
INFO: [ app_init ] --END-- [ RunTime:0.000434s ]

[ 2019-06-26T16:11:49+08:00 ] 192.168.30.83 /SGISP/index.php/Trainjson/dis
INFO: [ app_init ] --START--
INFO: Run Behavior\BuildLiteBehavior [ RunTime:0.000014s ]
INFO: [ app_init ] --END-- [ RunTime:0.000459s ]

[ 2019-06-26T16:11:52+08:00 ] 192.168.30.83 /SGISP/index.php/Trainjson/edit?id=1
INFO: [ app_init ] --START--
INFO: Run Behavior\BuildLiteBehavior [ RunTime:0.000015s ]
INFO: [ app_init ] --END-- [ RunTime:0.000642s ]

[ 2019-06-26T16:15:09+08:00 ] 192.168.30.83 /SGISP/index.php/Trainjson/dis
INFO: [ app_init ] --START--
INFO: Run Behavior\BuildLiteBehavior [ RunTime:0.000016s ]
INFO: [ app_init ] --END-- [ RunTime:0.000692s ]

[ 2019-06-26T16:15:14+08:00 ] 192.168.30.83 /SGISP/index.php/Trainjson/info
INFO: [ app_init ] --START--
INFO: Run Behavior\BuildLiteBehavior [ RunTime:0.000013s ]
INFO: [ app_init ] --END-- [ RunTime:0.000466s ]

[ 2019-06-26T16:18:41+08:00 ] 192.168.30.83 /SGISP/index.php/Trainjson/dis
INFO: [ app_init ] --START--
INFO: Run Behavior\BuildLiteBehavior [ RunTime:0.000011s ]
INFO: [ app_init ] --END-- [ RunTime:0.000380s ]

[ 2019-06-26T16:18:45+08:00 ] 192.168.30.83 /SGISP/index.php/Trainjson/info
INFO: [ app_init ] --START--
INFO: Run Behavior\BuildLiteBehavior [ RunTime:0.000015s ]
INFO: [ app_init ] --END-- [ RunTime:0.000553s ]

[ 2019-06-26T16:56:15+08:00 ] 192.168.30.83 /SGISP/index.php/Trainjson/edit?id=1
INFO: [ app_init ] --START--
INFO: Run Behavior\BuildLiteBehavior [ RunTime:0.000172s ]
INFO: [ app_init ] --END-- [ RunTime:0.000753s ]

[ 2019-06-26T16:56:20+08:00 ] 192.168.30.83 /SGISP/index.php/Trainjson/info
INFO: [ app_init ] --START--
INFO: Run Behavior\BuildLiteBehavior [ RunTime:0.000011s ]
INFO: [ app_init ] --END-- [ RunTime:0.000404s ]

[ 2019-06-26T16:59:41+08:00 ] 192.168.30.83 /SGISP/index.php/Trainjson/dis
INFO: [ app_init ] --START--
INFO: Run Behavior\BuildLiteBehavior [ RunTime:0.000014s ]
INFO: [ app_init ] --END-- [ RunTime:0.009681s ]

[ 2019-06-26T16:59:42+08:00 ] 192.168.30.83 /SGISP/index.php/Trainjson/info
INFO: [ app_init ] --START--
INFO: Run Behavior\BuildLiteBehavior [ RunTime:0.000019s ]
INFO: [ app_init ] --END-- [ RunTime:0.000522s ]

[ 2019-06-26T16:59:56+08:00 ] 192.168.30.83 /SGISP/index.php/Trainjson/info
INFO: [ app_init ] --START--
INFO: Run Behavior\BuildLiteBehavior [ RunTime:0.000011s ]
INFO: [ app_init ] --END-- [ RunTime:0.000415s ]

